<?xml version="1.0" encoding="UTF-8"?>
<!-- Generated by org.testng.reporters.JUnitReportReporter -->
<testsuite hostname="DESKTOP-17C739T" failures="0" tests="1" name="E2Eproject.Academy.homepage" time="13.813" errors="0" timestamp="2023-05-28T16:12:54 IST" skipped="0">
  <testcase classname="E2Eproject.Academy.homepage" name="basePageNavigation" time="13.813"/>
  <system-out/>
</testsuite> <!-- E2Eproject.Academy.homepage -->
